<?xml version="1.0" encoding="UTF-8"?>
<!-- Generated by org.testng.reporters.JUnitReportReporter -->
<testsuite hostname="DESKTOP-4PKN1AN" failures="0" tests="1" name="com.trueGlobal.testcase.TC_iphone_01" time="70.597" errors="0" timestamp="2023-12-08T14:27:10 IST" skipped="0">
  <testcase classname="com.trueGlobal.testcase.TC_iphone_01" name="Test1" time="70.597"/>
</testsuite> <!-- com.trueGlobal.testcase.TC_iphone_01 -->
